<?xml version="1.0" encoding="UTF-8"?>
<!-- Generated by org.testng.reporters.JUnitXMLReporter -->
<testsuite hostname="Weblium" ignored="1" tests="6" failures="1" timestamp="13 квіт. 2017 07:11:49 GMT" time="56.22" errors="0">
  <testcase name="@AfterTest closeMethod" time="0.005" classname="DefaultTest">
    <failure type="org.openqa.selenium.WebDriverException" message="chrome not reachable
  (Session info: chrome=54.0.2840.71)
  (Driver info: chromedriver=2.25.426924 (649f9b868f6783ec9de71c123212b908bf3b232e),platform=Linux 4.2.0-42-generic x86_64) (WARNING: The server did not provide any stacktrace information)
Command duration or timeout: 4 milliseconds
Build info: version: &amp;apos;3.0.1&amp;apos;, revision: &amp;apos;1969d75&amp;apos;, time: &amp;apos;2016-10-18 09:49:13 -0700&amp;apos;
System info: host: &amp;apos;Weblium&amp;apos;, ip: &amp;apos;127.0.1.1&amp;apos;, os.name: &amp;apos;Linux&amp;apos;, os.arch: &amp;apos;i386&amp;apos;, os.version: &amp;apos;4.2.0-42-generic&amp;apos;, java.version: &amp;apos;1.8.0_121&amp;apos;
Driver info: org.openqa.selenium.chrome.ChromeDriver
Capabilities [{applicationCacheEnabled=false, rotatable=false, mobileEmulationEnabled=false, networkConnectionEnabled=false, chrome={chromedriverVersion=2.25.426924 (649f9b868f6783ec9de71c123212b908bf3b232e), userDataDir=/tmp/.org.chromium.Chromium.IPclsV}, takesHeapSnapshot=true, pageLoadStrategy=normal, databaseEnabled=false, handlesAlerts=true, hasTouchScreen=false, version=54.0.2840.71, platform=LINUX, browserConnectionEnabled=false, nativeEvents=true, acceptSslCerts=true, locationContextEnabled=true, webStorageEnabled=true, browserName=chrome, takesScreenshot=true, javascriptEnabled=true, cssSelectorsEnabled=true}]
Session ID: b796e91c62ddecad35ed5028b211b1e4">
      <![CDATA[org.openqa.selenium.WebDriverException: chrome not reachable
  (Session info: chrome=54.0.2840.71)
  (Driver info: chromedriver=2.25.426924 (649f9b868f6783ec9de71c123212b908bf3b232e),platform=Linux 4.2.0-42-generic x86_64) (WARNING: The server did not provide any stacktrace information)
Command duration or timeout: 4 milliseconds
Build info: version: '3.0.1', revision: '1969d75', time: '2016-10-18 09:49:13 -0700'
System info: host: 'Weblium', ip: '127.0.1.1', os.name: 'Linux', os.arch: 'i386', os.version: '4.2.0-42-generic', java.version: '1.8.0_121'
Driver info: org.openqa.selenium.chrome.ChromeDriver
Capabilities [{applicationCacheEnabled=false, rotatable=false, mobileEmulationEnabled=false, networkConnectionEnabled=false, chrome={chromedriverVersion=2.25.426924 (649f9b868f6783ec9de71c123212b908bf3b232e), userDataDir=/tmp/.org.chromium.Chromium.IPclsV}, takesHeapSnapshot=true, pageLoadStrategy=normal, databaseEnabled=false, handlesAlerts=true, hasTouchScreen=false, version=54.0.2840.71, platform=LINUX, browserConnectionEnabled=false, nativeEvents=true, acceptSslCerts=true, locationContextEnabled=true, webStorageEnabled=true, browserName=chrome, takesScreenshot=true, javascriptEnabled=true, cssSelectorsEnabled=true}]
Session ID: b796e91c62ddecad35ed5028b211b1e4
	at org.openqa.selenium.remote.ErrorHandler.createThrowable(ErrorHandler.java:216)
	at org.openqa.selenium.remote.ErrorHandler.throwIfResponseFailed(ErrorHandler.java:168)
	at org.openqa.selenium.remote.RemoteWebDriver.execute(RemoteWebDriver.java:635)
	at org.openqa.selenium.remote.RemoteWebDriver.execute(RemoteWebDriver.java:658)
	at org.openqa.selenium.remote.RemoteWebDriver.close(RemoteWebDriver.java:487)
	at DefaultTest.closeMethod(DefaultTest.java:35)
... Removed 37 stack frames]]>
    </failure>
  </testcase> <!-- @AfterTest closeMethod -->
  <testcase name="test" time="0.962" classname="DefaultTest"/>
  <testcase name="test" time="0.908" classname="DefaultTest"/>
  <testcase name="test2" time="0.215" classname="DefaultTest"/>
  <testcase name="test2" time="49.684" classname="PerformTest"/>
  <testcase name="neededPageTest" time="3.016" classname="IncorrectEmailValidationTest">
    <failure type="org.openqa.selenium.NoSuchWindowException" message="no such window: target window already closed
from unknown error: web view not found
  (Session info: chrome=54.0.2840.71)
  (Driver info: chromedriver=2.25.426924 (649f9b868f6783ec9de71c123212b908bf3b232e),platform=Linux 4.2.0-42-generic x86_64) (WARNING: The server did not provide any stacktrace information)
Command duration or timeout: 14 milliseconds
Build info: version: &amp;apos;3.0.1&amp;apos;, revision: &amp;apos;1969d75&amp;apos;, time: &amp;apos;2016-10-18 09:49:13 -0700&amp;apos;
System info: host: &amp;apos;Weblium&amp;apos;, ip: &amp;apos;127.0.1.1&amp;apos;, os.name: &amp;apos;Linux&amp;apos;, os.arch: &amp;apos;i386&amp;apos;, os.version: &amp;apos;4.2.0-42-generic&amp;apos;, java.version: &amp;apos;1.8.0_121&amp;apos;
Driver info: org.openqa.selenium.chrome.ChromeDriver
Capabilities [{applicationCacheEnabled=false, rotatable=false, mobileEmulationEnabled=false, networkConnectionEnabled=false, chrome={chromedriverVersion=2.25.426924 (649f9b868f6783ec9de71c123212b908bf3b232e), userDataDir=/tmp/.org.chromium.Chromium.IPclsV}, takesHeapSnapshot=true, pageLoadStrategy=normal, databaseEnabled=false, handlesAlerts=true, hasTouchScreen=false, version=54.0.2840.71, platform=LINUX, browserConnectionEnabled=false, nativeEvents=true, acceptSslCerts=true, locationContextEnabled=true, webStorageEnabled=true, browserName=chrome, takesScreenshot=true, javascriptEnabled=true, cssSelectorsEnabled=true}]
Session ID: b796e91c62ddecad35ed5028b211b1e4
*** Element info: {Using=id, value=header-signin-link}">
      <![CDATA[org.openqa.selenium.NoSuchWindowException: no such window: target window already closed
from unknown error: web view not found
  (Session info: chrome=54.0.2840.71)
  (Driver info: chromedriver=2.25.426924 (649f9b868f6783ec9de71c123212b908bf3b232e),platform=Linux 4.2.0-42-generic x86_64) (WARNING: The server did not provide any stacktrace information)
Command duration or timeout: 14 milliseconds
Build info: version: '3.0.1', revision: '1969d75', time: '2016-10-18 09:49:13 -0700'
System info: host: 'Weblium', ip: '127.0.1.1', os.name: 'Linux', os.arch: 'i386', os.version: '4.2.0-42-generic', java.version: '1.8.0_121'
Driver info: org.openqa.selenium.chrome.ChromeDriver
Capabilities [{applicationCacheEnabled=false, rotatable=false, mobileEmulationEnabled=false, networkConnectionEnabled=false, chrome={chromedriverVersion=2.25.426924 (649f9b868f6783ec9de71c123212b908bf3b232e), userDataDir=/tmp/.org.chromium.Chromium.IPclsV}, takesHeapSnapshot=true, pageLoadStrategy=normal, databaseEnabled=false, handlesAlerts=true, hasTouchScreen=false, version=54.0.2840.71, platform=LINUX, browserConnectionEnabled=false, nativeEvents=true, acceptSslCerts=true, locationContextEnabled=true, webStorageEnabled=true, browserName=chrome, takesScreenshot=true, javascriptEnabled=true, cssSelectorsEnabled=true}]
Session ID: b796e91c62ddecad35ed5028b211b1e4
*** Element info: {Using=id, value=header-signin-link}
	at org.openqa.selenium.remote.ErrorHandler.createThrowable(ErrorHandler.java:216)
	at org.openqa.selenium.remote.ErrorHandler.throwIfResponseFailed(ErrorHandler.java:168)
	at org.openqa.selenium.remote.RemoteWebDriver.execute(RemoteWebDriver.java:635)
	at org.openqa.selenium.remote.RemoteWebDriver.findElement(RemoteWebDriver.java:368)
	at org.openqa.selenium.remote.RemoteWebDriver.findElementById(RemoteWebDriver.java:417)
	at org.openqa.selenium.By$ById.findElement(By.java:218)
	at org.openqa.selenium.remote.RemoteWebDriver.findElement(RemoteWebDriver.java:360)
	at IncorrectEmailValidationTest.neededPageTest(IncorrectEmailValidationTest.java:29)
... Removed 39 stack frames]]>
    </failure>
  </testcase> <!-- neededPageTest -->
  <testcase name="emailValidationTest" time="0.0" classname="IncorrectEmailValidationTest">
    <skipped/>
  </testcase> <!-- emailValidationTest -->
  <testcase name="@AfterTest closeMethod" time="0.0" classname="DefaultTest">
    <ignored/>
  </testcase> <!-- @AfterTest closeMethod -->
</testsuite>
